<?xml version="1.0" encoding="UTF-8"?>
<coverage generated="1772718592583" clover="3.2.0">
  <project timestamp="1772718592583" name="All files">
    <metrics statements="32" coveredstatements="32" conditionals="39" coveredconditionals="39" methods="2" coveredmethods="2" elements="73" coveredelements="73" complexity="0" loc="32" ncloc="32" packages="1" files="2" classes="2"/>
    <file name="password.ts" path="C:\Users\GaulthierMEURIE\individual-gaulthier-mre-01\src\utils\password.ts">
      <metrics statements="16" coveredstatements="16" conditionals="25" coveredconditionals="25" methods="1" coveredmethods="1"/>
      <line num="1" count="1" type="stmt"/>
      <line num="2" count="12" type="cond" truecount="2" falsecount="0"/>
      <line num="3" count="11" type="cond" truecount="2" falsecount="0"/>
      <line num="4" count="10" type="cond" truecount="2" falsecount="0"/>
      <line num="6" count="9" type="stmt"/>
      <line num="7" count="9" type="stmt"/>
      <line num="8" count="9" type="stmt"/>
      <line num="9" count="9" type="stmt"/>
      <line num="11" count="9" type="cond" truecount="2" falsecount="0"/>
      <line num="13" count="2" type="cond" truecount="2" falsecount="0"/>
      <line num="14" count="1" type="stmt"/>
      <line num="15" count="7" type="cond" truecount="4" falsecount="0"/>
      <line num="17" count="5" type="cond" truecount="5" falsecount="0"/>
      <line num="18" count="2" type="cond" truecount="2" falsecount="0"/>
      <line num="21" count="2" type="cond" truecount="4" falsecount="0"/>
      <line num="24" count="2" type="stmt"/>
    </file>
    <file name="shipping.ts" path="C:\Users\GaulthierMEURIE\individual-gaulthier-mre-01\src\utils\shipping.ts">
      <metrics statements="16" coveredstatements="16" conditionals="14" coveredconditionals="14" methods="1" coveredmethods="1"/>
      <line num="1" count="1" type="stmt"/>
      <line num="7" count="18" type="cond" truecount="2" falsecount="0"/>
      <line num="8" count="1" type="stmt"/>
      <line num="11" count="17" type="cond" truecount="4" falsecount="0"/>
      <line num="12" count="2" type="stmt"/>
      <line num="16" count="15" type="stmt"/>
      <line num="18" count="15" type="cond" truecount="2" falsecount="0"/>
      <line num="19" count="8" type="stmt"/>
      <line num="20" count="7" type="cond" truecount="2" falsecount="0"/>
      <line num="21" count="4" type="stmt"/>
      <line num="23" count="3" type="stmt"/>
      <line num="27" count="15" type="cond" truecount="2" falsecount="0"/>
      <line num="28" count="5" type="stmt"/>
      <line num="32" count="15" type="cond" truecount="2" falsecount="0"/>
      <line num="33" count="4" type="stmt"/>
      <line num="36" count="15" type="stmt"/>
    </file>
  </project>
</coverage>
